{"/home/jquintero/Escritorio/Ilse/APIs/Parcial-APIs/src/app.controller.ts": {"path":"/home/jquintero/Escritorio/Ilse/APIs/Parcial-APIs/src/app.controller.ts","statementMap":{"0":{"start":{"line":1,"column":0},"end":{"line":1,"column":49}},"1":{"start":{"line":2,"column":0},"end":{"line":2,"column":43}},"2":{"start":{"line":5,"column":7},"end":{"line":12,"column":null}},"3":{"start":{"line":6,"column":31},"end":{"line":6,"column":43}},"4":{"start":{"line":10,"column":4},"end":{"line":10,"column":38}},"5":{"start":{"line":5,"column":13},"end":{"line":5,"column":26}},"6":{"start":{"line":9,"column":2},"end":{"line":11,"column":null}},"7":{"start":{"line":5,"column":13},"end":{"line":12,"column":null}}},"fnMap":{"0":{"name":"(anonymous_2)","decl":{"start":{"line":6,"column":2},"end":{"line":6,"column":31}},"loc":{"start":{"line":6,"column":53},"end":{"line":6,"column":57}}},"1":{"name":"(anonymous_3)","decl":{"start":{"line":9,"column":2},"end":{"line":9,"column":10}},"loc":{"start":{"line":9,"column":10},"end":{"line":11,"column":3}}}},"branchMap":{},"s":{"0":1,"1":1,"2":1,"3":1,"4":1,"5":1,"6":1,"7":1},"f":{"0":1,"1":1},"b":{}}
,"/home/jquintero/Escritorio/Ilse/APIs/Parcial-APIs/src/app.module.ts": {"path":"/home/jquintero/Escritorio/Ilse/APIs/Parcial-APIs/src/app.module.ts","statementMap":{"0":{"start":{"line":1,"column":0},"end":{"line":1,"column":40}},"1":{"start":{"line":2,"column":0},"end":{"line":2,"column":49}},"2":{"start":{"line":3,"column":0},"end":{"line":3,"column":43}},"3":{"start":{"line":4,"column":0},"end":{"line":4,"column":48}},"4":{"start":{"line":5,"column":0},"end":{"line":5,"column":54}},"5":{"start":{"line":6,"column":0},"end":{"line":6,"column":68}},"6":{"start":{"line":7,"column":0},"end":{"line":7,"column":48}},"7":{"start":{"line":8,"column":0},"end":{"line":8,"column":48}},"8":{"start":{"line":9,"column":0},"end":{"line":9,"column":54}},"9":{"start":{"line":35,"column":7},"end":{"line":35,"column":null}},"10":{"start":{"line":35,"column":13},"end":{"line":35,"column":22}},"11":{"start":{"line":35,"column":13},"end":{"line":35,"column":null}}},"fnMap":{},"branchMap":{},"s":{"0":0,"1":0,"2":0,"3":0,"4":0,"5":0,"6":0,"7":0,"8":0,"9":0,"10":0,"11":0},"f":{},"b":{}}
,"/home/jquintero/Escritorio/Ilse/APIs/Parcial-APIs/src/app.service.ts": {"path":"/home/jquintero/Escritorio/Ilse/APIs/Parcial-APIs/src/app.service.ts","statementMap":{"0":{"start":{"line":1,"column":0},"end":{"line":1,"column":44}},"1":{"start":{"line":4,"column":7},"end":{"line":8,"column":null}},"2":{"start":{"line":6,"column":4},"end":{"line":6,"column":26}},"3":{"start":{"line":4,"column":13},"end":{"line":4,"column":23}},"4":{"start":{"line":4,"column":13},"end":{"line":8,"column":null}}},"fnMap":{"0":{"name":"(anonymous_1)","decl":{"start":{"line":5,"column":2},"end":{"line":5,"column":10}},"loc":{"start":{"line":5,"column":10},"end":{"line":7,"column":3}}}},"branchMap":{},"s":{"0":1,"1":1,"2":1,"3":1,"4":1},"f":{"0":1},"b":{}}
,"/home/jquintero/Escritorio/Ilse/APIs/Parcial-APIs/src/main.ts": {"path":"/home/jquintero/Escritorio/Ilse/APIs/Parcial-APIs/src/main.ts","statementMap":{"0":{"start":{"line":1,"column":0},"end":{"line":1,"column":43}},"1":{"start":{"line":2,"column":0},"end":{"line":2,"column":41}},"2":{"start":{"line":3,"column":0},"end":{"line":3,"column":48}},"3":{"start":{"line":6,"column":14},"end":{"line":6,"column":49}},"4":{"start":{"line":7,"column":2},"end":{"line":7,"column":43}},"5":{"start":{"line":8,"column":2},"end":{"line":8,"column":25}},"6":{"start":{"line":10,"column":0},"end":{"line":10,"column":12}}},"fnMap":{"0":{"name":"bootstrap","decl":{"start":{"line":5,"column":15},"end":{"line":5,"column":24}},"loc":{"start":{"line":5,"column":24},"end":{"line":9,"column":1}}}},"branchMap":{},"s":{"0":0,"1":0,"2":0,"3":0,"4":0,"5":0,"6":0},"f":{"0":0},"b":{}}
,"/home/jquintero/Escritorio/Ilse/APIs/Parcial-APIs/src/city/city.controller.ts": {"path":"/home/jquintero/Escritorio/Ilse/APIs/Parcial-APIs/src/city/city.controller.ts","statementMap":{"0":{"start":{"line":1,"column":0},"end":{"line":1,"column":98}},"1":{"start":{"line":2,"column":0},"end":{"line":2,"column":45}},"2":{"start":{"line":3,"column":0},"end":{"line":3,"column":43}},"3":{"start":{"line":4,"column":0},"end":{"line":4,"column":112}},"4":{"start":{"line":5,"column":0},"end":{"line":5,"column":37}},"5":{"start":{"line":6,"column":0},"end":{"line":6,"column":52}},"6":{"start":{"line":10,"column":7},"end":{"line":42,"column":null}},"7":{"start":{"line":13,"column":16},"end":{"line":13,"column":29}},"8":{"start":{"line":18,"column":8},"end":{"line":18,"column":42}},"9":{"start":{"line":23,"column":8},"end":{"line":23,"column":44}},"10":{"start":{"line":28,"column":33},"end":{"line":28,"column":69}},"11":{"start":{"line":29,"column":8},"end":{"line":29,"column":45}},"12":{"start":{"line":34,"column":33},"end":{"line":34,"column":69}},"13":{"start":{"line":35,"column":8},"end":{"line":35,"column":54}},"14":{"start":{"line":40,"column":8},"end":{"line":40,"column":43}},"15":{"start":{"line":10,"column":13},"end":{"line":10,"column":27}},"16":{"start":{"line":17,"column":4},"end":{"line":19,"column":null}},"17":{"start":{"line":22,"column":4},"end":{"line":24,"column":null}},"18":{"start":{"line":27,"column":4},"end":{"line":30,"column":null}},"19":{"start":{"line":33,"column":4},"end":{"line":36,"column":null}},"20":{"start":{"line":39,"column":4},"end":{"line":41,"column":null}},"21":{"start":{"line":10,"column":13},"end":{"line":42,"column":null}}},"fnMap":{"0":{"name":"(anonymous_4)","decl":{"start":{"line":12,"column":4},"end":{"line":12,"column":null}},"loc":{"start":{"line":13,"column":40},"end":{"line":14,"column":8}}},"1":{"name":"(anonymous_5)","decl":{"start":{"line":17,"column":4},"end":{"line":17,"column":11}},"loc":{"start":{"line":17,"column":11},"end":{"line":19,"column":5}}},"2":{"name":"(anonymous_6)","decl":{"start":{"line":22,"column":4},"end":{"line":22,"column":11}},"loc":{"start":{"line":22,"column":35},"end":{"line":24,"column":5}}},"3":{"name":"(anonymous_7)","decl":{"start":{"line":27,"column":4},"end":{"line":27,"column":10}},"loc":{"start":{"line":27,"column":35},"end":{"line":30,"column":5}}},"4":{"name":"(anonymous_8)","decl":{"start":{"line":33,"column":4},"end":{"line":33,"column":10}},"loc":{"start":{"line":33,"column":60},"end":{"line":36,"column":5}}},"5":{"name":"(anonymous_9)","decl":{"start":{"line":39,"column":4},"end":{"line":39,"column":10}},"loc":{"start":{"line":39,"column":34},"end":{"line":41,"column":5}}}},"branchMap":{},"s":{"0":0,"1":0,"2":0,"3":0,"4":0,"5":0,"6":0,"7":0,"8":0,"9":0,"10":0,"11":0,"12":0,"13":0,"14":0,"15":0,"16":0,"17":0,"18":0,"19":0,"20":0,"21":0},"f":{"0":0,"1":0,"2":0,"3":0,"4":0,"5":0},"b":{}}
,"/home/jquintero/Escritorio/Ilse/APIs/Parcial-APIs/src/city/city.dto.ts": {"path":"/home/jquintero/Escritorio/Ilse/APIs/Parcial-APIs/src/city/city.dto.ts","statementMap":{"0":{"start":{"line":1,"column":0},"end":{"line":1,"column":79}},"1":{"start":{"line":3,"column":0},"end":{"line":3,"column":13}},"2":{"start":{"line":7,"column":13},"end":{"line":7,"column":null}},"3":{"start":{"line":11,"column":13},"end":{"line":11,"column":null}},"4":{"start":{"line":15,"column":13},"end":{"line":15,"column":null}},"5":{"start":{"line":18,"column":13},"end":{"line":18,"column":null}}},"fnMap":{},"branchMap":{},"s":{"0":0,"1":0,"2":0,"3":0,"4":0,"5":0},"f":{},"b":{}}
,"/home/jquintero/Escritorio/Ilse/APIs/Parcial-APIs/src/city/city.entity.ts": {"path":"/home/jquintero/Escritorio/Ilse/APIs/Parcial-APIs/src/city/city.entity.ts","statementMap":{"0":{"start":{"line":1,"column":0},"end":{"line":1,"column":76}},"1":{"start":{"line":2,"column":0},"end":{"line":2,"column":55}},"2":{"start":{"line":5,"column":7},"end":{"line":21,"column":null}},"3":{"start":{"line":5,"column":13},"end":{"line":5,"column":23}},"4":{"start":{"line":8,"column":4},"end":{"line":8,"column":null}},"5":{"start":{"line":11,"column":4},"end":{"line":11,"column":null}},"6":{"start":{"line":14,"column":4},"end":{"line":14,"column":null}},"7":{"start":{"line":17,"column":4},"end":{"line":17,"column":null}},"8":{"start":{"line":20,"column":4},"end":{"line":20,"column":null}},"9":{"start":{"line":19,"column":21},"end":{"line":19,"column":33}},"10":{"start":{"line":19,"column":47},"end":{"line":19,"column":58}},"11":{"start":{"line":5,"column":13},"end":{"line":21,"column":null}}},"fnMap":{"0":{"name":"(anonymous_2)","decl":{"start":{"line":19,"column":15},"end":{"line":19,"column":18}},"loc":{"start":{"line":19,"column":21},"end":{"line":19,"column":33}}},"1":{"name":"(anonymous_3)","decl":{"start":{"line":19,"column":35},"end":{"line":19,"column":36}},"loc":{"start":{"line":19,"column":47},"end":{"line":19,"column":58}}}},"branchMap":{},"s":{"0":3,"1":3,"2":3,"3":3,"4":3,"5":3,"6":3,"7":3,"8":3,"9":37,"10":37,"11":3},"f":{"0":37,"1":37},"b":{}}
,"/home/jquintero/Escritorio/Ilse/APIs/Parcial-APIs/src/city/city.module.ts": {"path":"/home/jquintero/Escritorio/Ilse/APIs/Parcial-APIs/src/city/city.module.ts","statementMap":{"0":{"start":{"line":1,"column":0},"end":{"line":1,"column":40}},"1":{"start":{"line":2,"column":0},"end":{"line":2,"column":45}},"2":{"start":{"line":3,"column":0},"end":{"line":3,"column":51}},"3":{"start":{"line":4,"column":0},"end":{"line":4,"column":48}},"4":{"start":{"line":5,"column":0},"end":{"line":5,"column":43}},"5":{"start":{"line":12,"column":7},"end":{"line":12,"column":null}},"6":{"start":{"line":12,"column":13},"end":{"line":12,"column":23}},"7":{"start":{"line":12,"column":13},"end":{"line":12,"column":null}}},"fnMap":{},"branchMap":{},"s":{"0":0,"1":0,"2":0,"3":0,"4":0,"5":0,"6":0,"7":0},"f":{},"b":{}}
,"/home/jquintero/Escritorio/Ilse/APIs/Parcial-APIs/src/city/city.service.ts": {"path":"/home/jquintero/Escritorio/Ilse/APIs/Parcial-APIs/src/city/city.service.ts","statementMap":{"0":{"start":{"line":1,"column":0},"end":{"line":1,"column":44}},"1":{"start":{"line":2,"column":0},"end":{"line":2,"column":51}},"2":{"start":{"line":3,"column":0},"end":{"line":3,"column":43}},"3":{"start":{"line":4,"column":0},"end":{"line":4,"column":37}},"4":{"start":{"line":5,"column":0},"end":{"line":5,"column":89}},"5":{"start":{"line":8,"column":7},"end":{"line":52,"column":null}},"6":{"start":{"line":11,"column":55},"end":{"line":11,"column":71}},"7":{"start":{"line":15,"column":8},"end":{"line":15,"column":66}},"8":{"start":{"line":19,"column":21},"end":{"line":19,"column":93}},"9":{"start":{"line":20,"column":8},"end":{"line":22,"column":null}},"10":{"start":{"line":21,"column":12},"end":{"line":21,"column":101}},"11":{"start":{"line":23,"column":8},"end":{"line":23,"column":20}},"12":{"start":{"line":27,"column":8},"end":{"line":29,"column":null}},"13":{"start":{"line":28,"column":12},"end":{"line":28,"column":141}},"14":{"start":{"line":30,"column":8},"end":{"line":30,"column":52}},"15":{"start":{"line":34,"column":26},"end":{"line":34,"column":83}},"16":{"start":{"line":35,"column":8},"end":{"line":37,"column":null}},"17":{"start":{"line":36,"column":12},"end":{"line":36,"column":101}},"18":{"start":{"line":39,"column":8},"end":{"line":41,"column":null}},"19":{"start":{"line":40,"column":12},"end":{"line":40,"column":131}},"20":{"start":{"line":42,"column":8},"end":{"line":42,"column":52}},"21":{"start":{"line":46,"column":26},"end":{"line":46,"column":74}},"22":{"start":{"line":47,"column":8},"end":{"line":49,"column":null}},"23":{"start":{"line":48,"column":12},"end":{"line":48,"column":101}},"24":{"start":{"line":50,"column":8},"end":{"line":50,"column":59}},"25":{"start":{"line":8,"column":13},"end":{"line":8,"column":24}},"26":{"start":{"line":8,"column":13},"end":{"line":52,"column":null}}},"fnMap":{"0":{"name":"(anonymous_4)","decl":{"start":{"line":10,"column":4},"end":{"line":10,"column":null}},"loc":{"start":{"line":11,"column":93},"end":{"line":12,"column":8}}},"1":{"name":"(anonymous_5)","decl":{"start":{"line":14,"column":4},"end":{"line":14,"column":11}},"loc":{"start":{"line":14,"column":11},"end":{"line":16,"column":5}}},"2":{"name":"(anonymous_6)","decl":{"start":{"line":18,"column":4},"end":{"line":18,"column":9}},"loc":{"start":{"line":18,"column":28},"end":{"line":24,"column":5}}},"3":{"name":"(anonymous_7)","decl":{"start":{"line":26,"column":4},"end":{"line":26,"column":9}},"loc":{"start":{"line":26,"column":33},"end":{"line":31,"column":5}}},"4":{"name":"(anonymous_8)","decl":{"start":{"line":33,"column":4},"end":{"line":33,"column":9}},"loc":{"start":{"line":33,"column":33},"end":{"line":43,"column":5}}},"5":{"name":"(anonymous_9)","decl":{"start":{"line":45,"column":4},"end":{"line":45,"column":9}},"loc":{"start":{"line":45,"column":27},"end":{"line":51,"column":5}}}},"branchMap":{"0":{"loc":{"start":{"line":20,"column":8},"end":{"line":22,"column":null}},"type":"if","locations":[{"start":{"line":20,"column":8},"end":{"line":22,"column":null}}]},"1":{"loc":{"start":{"line":27,"column":8},"end":{"line":29,"column":null}},"type":"if","locations":[{"start":{"line":27,"column":8},"end":{"line":29,"column":null}}]},"2":{"loc":{"start":{"line":35,"column":8},"end":{"line":37,"column":null}},"type":"if","locations":[{"start":{"line":35,"column":8},"end":{"line":37,"column":null}}]},"3":{"loc":{"start":{"line":39,"column":8},"end":{"line":41,"column":null}},"type":"if","locations":[{"start":{"line":39,"column":8},"end":{"line":41,"column":null}}]},"4":{"loc":{"start":{"line":47,"column":8},"end":{"line":49,"column":null}},"type":"if","locations":[{"start":{"line":47,"column":8},"end":{"line":49,"column":null}}]}},"s":{"0":1,"1":1,"2":1,"3":1,"4":1,"5":1,"6":11,"7":1,"8":2,"9":2,"10":1,"11":1,"12":2,"13":1,"14":1,"15":3,"16":3,"17":1,"18":2,"19":1,"20":1,"21":2,"22":2,"23":1,"24":1,"25":1,"26":1},"f":{"0":11,"1":1,"2":2,"3":2,"4":3,"5":2},"b":{"0":[1],"1":[1],"2":[1],"3":[1],"4":[1]}}
,"/home/jquintero/Escritorio/Ilse/APIs/Parcial-APIs/src/city-market/city-market.controller.ts": {"path":"/home/jquintero/Escritorio/Ilse/APIs/Parcial-APIs/src/city-market/city-market.controller.ts","statementMap":{"0":{"start":{"line":1,"column":0},"end":{"line":1,"column":98}},"1":{"start":{"line":2,"column":0},"end":{"line":2,"column":112}},"2":{"start":{"line":3,"column":0},"end":{"line":3,"column":58}},"3":{"start":{"line":7,"column":7},"end":{"line":37,"column":null}},"4":{"start":{"line":10,"column":16},"end":{"line":10,"column":38}},"5":{"start":{"line":15,"column":8},"end":{"line":15,"column":80}},"6":{"start":{"line":20,"column":8},"end":{"line":20,"column":74}},"7":{"start":{"line":25,"column":8},"end":{"line":25,"column":83}},"8":{"start":{"line":30,"column":8},"end":{"line":30,"column":90}},"9":{"start":{"line":35,"column":8},"end":{"line":35,"column":85}},"10":{"start":{"line":7,"column":13},"end":{"line":7,"column":33}},"11":{"start":{"line":14,"column":4},"end":{"line":16,"column":null}},"12":{"start":{"line":19,"column":4},"end":{"line":21,"column":null}},"13":{"start":{"line":24,"column":4},"end":{"line":26,"column":null}},"14":{"start":{"line":29,"column":4},"end":{"line":31,"column":null}},"15":{"start":{"line":34,"column":4},"end":{"line":36,"column":null}},"16":{"start":{"line":7,"column":13},"end":{"line":37,"column":null}}},"fnMap":{"0":{"name":"(anonymous_4)","decl":{"start":{"line":9,"column":4},"end":{"line":9,"column":null}},"loc":{"start":{"line":10,"column":55},"end":{"line":11,"column":8}}},"1":{"name":"(anonymous_5)","decl":{"start":{"line":14,"column":4},"end":{"line":14,"column":24}},"loc":{"start":{"line":14,"column":93},"end":{"line":16,"column":5}}},"2":{"name":"(anonymous_6)","decl":{"start":{"line":19,"column":4},"end":{"line":19,"column":28}},"loc":{"start":{"line":19,"column":60},"end":{"line":21,"column":5}}},"3":{"name":"(anonymous_7)","decl":{"start":{"line":24,"column":4},"end":{"line":24,"column":27}},"loc":{"start":{"line":24,"column":96},"end":{"line":26,"column":5}}},"4":{"name":"(anonymous_8)","decl":{"start":{"line":29,"column":4},"end":{"line":29,"column":30}},"loc":{"start":{"line":29,"column":81},"end":{"line":31,"column":5}}},"5":{"name":"(anonymous_9)","decl":{"start":{"line":34,"column":4},"end":{"line":34,"column":29}},"loc":{"start":{"line":34,"column":98},"end":{"line":36,"column":5}}}},"branchMap":{},"s":{"0":0,"1":0,"2":0,"3":0,"4":0,"5":0,"6":0,"7":0,"8":0,"9":0,"10":0,"11":0,"12":0,"13":0,"14":0,"15":0,"16":0},"f":{"0":0,"1":0,"2":0,"3":0,"4":0,"5":0},"b":{}}
,"/home/jquintero/Escritorio/Ilse/APIs/Parcial-APIs/src/city-market/city-market.module.ts": {"path":"/home/jquintero/Escritorio/Ilse/APIs/Parcial-APIs/src/city-market/city-market.module.ts","statementMap":{"0":{"start":{"line":1,"column":0},"end":{"line":1,"column":40}},"1":{"start":{"line":2,"column":0},"end":{"line":2,"column":58}},"2":{"start":{"line":3,"column":0},"end":{"line":3,"column":64}},"3":{"start":{"line":4,"column":0},"end":{"line":4,"column":48}},"4":{"start":{"line":5,"column":0},"end":{"line":5,"column":49}},"5":{"start":{"line":6,"column":0},"end":{"line":6,"column":55}},"6":{"start":{"line":13,"column":7},"end":{"line":13,"column":null}},"7":{"start":{"line":13,"column":13},"end":{"line":13,"column":29}},"8":{"start":{"line":13,"column":13},"end":{"line":13,"column":null}}},"fnMap":{},"branchMap":{},"s":{"0":0,"1":0,"2":0,"3":0,"4":0,"5":0,"6":0,"7":0,"8":0},"f":{},"b":{}}
,"/home/jquintero/Escritorio/Ilse/APIs/Parcial-APIs/src/city-market/city-market.service.ts": {"path":"/home/jquintero/Escritorio/Ilse/APIs/Parcial-APIs/src/city-market/city-market.service.ts","statementMap":{"0":{"start":{"line":1,"column":0},"end":{"line":1,"column":44}},"1":{"start":{"line":2,"column":0},"end":{"line":2,"column":51}},"2":{"start":{"line":3,"column":0},"end":{"line":3,"column":49}},"3":{"start":{"line":4,"column":0},"end":{"line":4,"column":55}},"4":{"start":{"line":5,"column":0},"end":{"line":5,"column":89}},"5":{"start":{"line":6,"column":0},"end":{"line":6,"column":37}},"6":{"start":{"line":9,"column":7},"end":{"line":83,"column":null}},"7":{"start":{"line":12,"column":55},"end":{"line":12,"column":71}},"8":{"start":{"line":13,"column":57},"end":{"line":13,"column":75}},"9":{"start":{"line":17,"column":21},"end":{"line":17,"column":101}},"10":{"start":{"line":18,"column":8},"end":{"line":20,"column":null}},"11":{"start":{"line":19,"column":12},"end":{"line":19,"column":101}},"12":{"start":{"line":21,"column":23},"end":{"line":21,"column":104}},"13":{"start":{"line":22,"column":8},"end":{"line":24,"column":null}},"14":{"start":{"line":23,"column":12},"end":{"line":23,"column":107}},"15":{"start":{"line":25,"column":8},"end":{"line":25,"column":34}},"16":{"start":{"line":26,"column":8},"end":{"line":26,"column":52}},"17":{"start":{"line":30,"column":21},"end":{"line":30,"column":101}},"18":{"start":{"line":31,"column":8},"end":{"line":33,"column":null}},"19":{"start":{"line":32,"column":12},"end":{"line":32,"column":101}},"20":{"start":{"line":35,"column":8},"end":{"line":35,"column":28}},"21":{"start":{"line":39,"column":21},"end":{"line":39,"column":101}},"22":{"start":{"line":40,"column":8},"end":{"line":42,"column":null}},"23":{"start":{"line":41,"column":12},"end":{"line":41,"column":101}},"24":{"start":{"line":44,"column":31},"end":{"line":44,"column":84}},"25":{"start":{"line":44,"column":61},"end":{"line":44,"column":83}},"26":{"start":{"line":45,"column":8},"end":{"line":47,"column":null}},"27":{"start":{"line":46,"column":12},"end":{"line":46,"column":107}},"28":{"start":{"line":49,"column":8},"end":{"line":49,"column":30}},"29":{"start":{"line":53,"column":21},"end":{"line":53,"column":101}},"30":{"start":{"line":54,"column":8},"end":{"line":56,"column":null}},"31":{"start":{"line":55,"column":12},"end":{"line":55,"column":101}},"32":{"start":{"line":58,"column":29},"end":{"line":58,"column":31}},"33":{"start":{"line":59,"column":8},"end":{"line":65,"column":null}},"34":{"start":{"line":59,"column":21},"end":{"line":59,"column":22}},"35":{"start":{"line":60,"column":32},"end":{"line":60,"column":94}},"36":{"start":{"line":61,"column":12},"end":{"line":63,"column":null}},"37":{"start":{"line":62,"column":16},"end":{"line":62,"column":111}},"38":{"start":{"line":64,"column":12},"end":{"line":64,"column":43}},"39":{"start":{"line":66,"column":8},"end":{"line":66,"column":36}},"40":{"start":{"line":67,"column":8},"end":{"line":67,"column":52}},"41":{"start":{"line":71,"column":21},"end":{"line":71,"column":101}},"42":{"start":{"line":72,"column":8},"end":{"line":74,"column":null}},"43":{"start":{"line":73,"column":12},"end":{"line":73,"column":101}},"44":{"start":{"line":75,"column":35},"end":{"line":75,"column":88}},"45":{"start":{"line":75,"column":65},"end":{"line":75,"column":87}},"46":{"start":{"line":76,"column":8},"end":{"line":78,"column":null}},"47":{"start":{"line":77,"column":12},"end":{"line":77,"column":114}},"48":{"start":{"line":80,"column":8},"end":{"line":80,"column":79}},"49":{"start":{"line":80,"column":55},"end":{"line":80,"column":77}},"50":{"start":{"line":81,"column":8},"end":{"line":81,"column":52}},"51":{"start":{"line":9,"column":13},"end":{"line":9,"column":30}},"52":{"start":{"line":9,"column":13},"end":{"line":83,"column":null}}},"fnMap":{"0":{"name":"(anonymous_4)","decl":{"start":{"line":11,"column":4},"end":{"line":11,"column":null}},"loc":{"start":{"line":13,"column":99},"end":{"line":14,"column":8}}},"1":{"name":"(anonymous_5)","decl":{"start":{"line":16,"column":5},"end":{"line":16,"column":10}},"loc":{"start":{"line":16,"column":64},"end":{"line":27,"column":5}}},"2":{"name":"(anonymous_6)","decl":{"start":{"line":29,"column":4},"end":{"line":29,"column":9}},"loc":{"start":{"line":29,"column":49},"end":{"line":36,"column":5}}},"3":{"name":"(anonymous_7)","decl":{"start":{"line":38,"column":4},"end":{"line":38,"column":9}},"loc":{"start":{"line":38,"column":66},"end":{"line":50,"column":5}}},"4":{"name":"(anonymous_8)","decl":{"start":{"line":44,"column":49},"end":{"line":44,"column":50}},"loc":{"start":{"line":44,"column":61},"end":{"line":44,"column":83}}},"5":{"name":"(anonymous_9)","decl":{"start":{"line":52,"column":4},"end":{"line":52,"column":9}},"loc":{"start":{"line":52,"column":75},"end":{"line":68,"column":5}}},"6":{"name":"(anonymous_10)","decl":{"start":{"line":70,"column":4},"end":{"line":70,"column":9}},"loc":{"start":{"line":70,"column":68},"end":{"line":82,"column":5}}},"7":{"name":"(anonymous_11)","decl":{"start":{"line":75,"column":53},"end":{"line":75,"column":54}},"loc":{"start":{"line":75,"column":65},"end":{"line":75,"column":87}}},"8":{"name":"(anonymous_12)","decl":{"start":{"line":80,"column":43},"end":{"line":80,"column":44}},"loc":{"start":{"line":80,"column":55},"end":{"line":80,"column":77}}}},"branchMap":{"0":{"loc":{"start":{"line":18,"column":8},"end":{"line":20,"column":null}},"type":"if","locations":[{"start":{"line":18,"column":8},"end":{"line":20,"column":null}}]},"1":{"loc":{"start":{"line":22,"column":8},"end":{"line":24,"column":null}},"type":"if","locations":[{"start":{"line":22,"column":8},"end":{"line":24,"column":null}}]},"2":{"loc":{"start":{"line":31,"column":8},"end":{"line":33,"column":null}},"type":"if","locations":[{"start":{"line":31,"column":8},"end":{"line":33,"column":null}}]},"3":{"loc":{"start":{"line":40,"column":8},"end":{"line":42,"column":null}},"type":"if","locations":[{"start":{"line":40,"column":8},"end":{"line":42,"column":null}}]},"4":{"loc":{"start":{"line":45,"column":8},"end":{"line":47,"column":null}},"type":"if","locations":[{"start":{"line":45,"column":8},"end":{"line":47,"column":null}}]},"5":{"loc":{"start":{"line":54,"column":8},"end":{"line":56,"column":null}},"type":"if","locations":[{"start":{"line":54,"column":8},"end":{"line":56,"column":null}}]},"6":{"loc":{"start":{"line":61,"column":12},"end":{"line":63,"column":null}},"type":"if","locations":[{"start":{"line":61,"column":12},"end":{"line":63,"column":null}}]},"7":{"loc":{"start":{"line":72,"column":8},"end":{"line":74,"column":null}},"type":"if","locations":[{"start":{"line":72,"column":8},"end":{"line":74,"column":null}}]},"8":{"loc":{"start":{"line":76,"column":8},"end":{"line":78,"column":null}},"type":"if","locations":[{"start":{"line":76,"column":8},"end":{"line":78,"column":null}}]}},"s":{"0":1,"1":1,"2":1,"3":1,"4":1,"5":1,"6":1,"7":15,"8":15,"9":5,"10":5,"11":1,"12":4,"13":4,"14":1,"15":3,"16":3,"17":2,"18":2,"19":1,"20":1,"21":3,"22":3,"23":1,"24":2,"25":1,"26":2,"27":1,"28":1,"29":3,"30":3,"31":1,"32":2,"33":2,"34":2,"35":2,"36":2,"37":1,"38":1,"39":1,"40":1,"41":3,"42":3,"43":1,"44":2,"45":1,"46":2,"47":1,"48":1,"49":1,"50":1,"51":1,"52":1},"f":{"0":15,"1":5,"2":2,"3":3,"4":1,"5":3,"6":3,"7":1,"8":1},"b":{"0":[1],"1":[1],"2":[1],"3":[1],"4":[1],"5":[1],"6":[1],"7":[1],"8":[1]}}
,"/home/jquintero/Escritorio/Ilse/APIs/Parcial-APIs/src/market/market.controller.ts": {"path":"/home/jquintero/Escritorio/Ilse/APIs/Parcial-APIs/src/market/market.controller.ts","statementMap":{"0":{"start":{"line":1,"column":0},"end":{"line":1,"column":98}},"1":{"start":{"line":2,"column":0},"end":{"line":2,"column":49}},"2":{"start":{"line":3,"column":0},"end":{"line":3,"column":41}},"3":{"start":{"line":4,"column":0},"end":{"line":4,"column":47}},"4":{"start":{"line":5,"column":0},"end":{"line":5,"column":52}},"5":{"start":{"line":6,"column":0},"end":{"line":6,"column":112}},"6":{"start":{"line":10,"column":7},"end":{"line":42,"column":null}},"7":{"start":{"line":13,"column":16},"end":{"line":13,"column":31}},"8":{"start":{"line":18,"column":8},"end":{"line":18,"column":44}},"9":{"start":{"line":23,"column":8},"end":{"line":23,"column":46}},"10":{"start":{"line":28,"column":37},"end":{"line":28,"column":77}},"11":{"start":{"line":29,"column":8},"end":{"line":29,"column":49}},"12":{"start":{"line":34,"column":37},"end":{"line":34,"column":77}},"13":{"start":{"line":35,"column":8},"end":{"line":35,"column":58}},"14":{"start":{"line":40,"column":8},"end":{"line":40,"column":45}},"15":{"start":{"line":10,"column":13},"end":{"line":10,"column":29}},"16":{"start":{"line":17,"column":4},"end":{"line":19,"column":null}},"17":{"start":{"line":22,"column":4},"end":{"line":24,"column":null}},"18":{"start":{"line":27,"column":4},"end":{"line":30,"column":null}},"19":{"start":{"line":33,"column":4},"end":{"line":36,"column":null}},"20":{"start":{"line":39,"column":4},"end":{"line":41,"column":null}},"21":{"start":{"line":10,"column":13},"end":{"line":42,"column":null}}},"fnMap":{"0":{"name":"(anonymous_4)","decl":{"start":{"line":12,"column":4},"end":{"line":12,"column":null}},"loc":{"start":{"line":13,"column":44},"end":{"line":14,"column":8}}},"1":{"name":"(anonymous_5)","decl":{"start":{"line":17,"column":4},"end":{"line":17,"column":11}},"loc":{"start":{"line":17,"column":11},"end":{"line":19,"column":5}}},"2":{"name":"(anonymous_6)","decl":{"start":{"line":22,"column":4},"end":{"line":22,"column":11}},"loc":{"start":{"line":22,"column":35},"end":{"line":24,"column":5}}},"3":{"name":"(anonymous_7)","decl":{"start":{"line":27,"column":4},"end":{"line":27,"column":10}},"loc":{"start":{"line":27,"column":39},"end":{"line":30,"column":5}}},"4":{"name":"(anonymous_8)","decl":{"start":{"line":33,"column":4},"end":{"line":33,"column":10}},"loc":{"start":{"line":33,"column":64},"end":{"line":36,"column":5}}},"5":{"name":"(anonymous_9)","decl":{"start":{"line":39,"column":4},"end":{"line":39,"column":10}},"loc":{"start":{"line":39,"column":34},"end":{"line":41,"column":5}}}},"branchMap":{},"s":{"0":0,"1":0,"2":0,"3":0,"4":0,"5":0,"6":0,"7":0,"8":0,"9":0,"10":0,"11":0,"12":0,"13":0,"14":0,"15":0,"16":0,"17":0,"18":0,"19":0,"20":0,"21":0},"f":{"0":0,"1":0,"2":0,"3":0,"4":0,"5":0},"b":{}}
,"/home/jquintero/Escritorio/Ilse/APIs/Parcial-APIs/src/market/market.dto.ts": {"path":"/home/jquintero/Escritorio/Ilse/APIs/Parcial-APIs/src/market/market.dto.ts","statementMap":{"0":{"start":{"line":1,"column":0},"end":{"line":1,"column":74}},"1":{"start":{"line":3,"column":0},"end":{"line":3,"column":13}},"2":{"start":{"line":7,"column":13},"end":{"line":7,"column":null}},"3":{"start":{"line":11,"column":13},"end":{"line":11,"column":null}},"4":{"start":{"line":15,"column":13},"end":{"line":15,"column":null}},"5":{"start":{"line":19,"column":13},"end":{"line":19,"column":null}},"6":{"start":{"line":22,"column":13},"end":{"line":22,"column":null}}},"fnMap":{},"branchMap":{},"s":{"0":0,"1":0,"2":0,"3":0,"4":0,"5":0,"6":0},"f":{},"b":{}}
,"/home/jquintero/Escritorio/Ilse/APIs/Parcial-APIs/src/market/market.entity.ts": {"path":"/home/jquintero/Escritorio/Ilse/APIs/Parcial-APIs/src/market/market.entity.ts","statementMap":{"0":{"start":{"line":1,"column":0},"end":{"line":1,"column":87}},"1":{"start":{"line":2,"column":0},"end":{"line":2,"column":49}},"2":{"start":{"line":5,"column":7},"end":{"line":24,"column":null}},"3":{"start":{"line":5,"column":13},"end":{"line":5,"column":25}},"4":{"start":{"line":8,"column":4},"end":{"line":8,"column":null}},"5":{"start":{"line":11,"column":4},"end":{"line":11,"column":null}},"6":{"start":{"line":14,"column":4},"end":{"line":14,"column":null}},"7":{"start":{"line":17,"column":4},"end":{"line":17,"column":null}},"8":{"start":{"line":20,"column":4},"end":{"line":20,"column":null}},"9":{"start":{"line":23,"column":4},"end":{"line":23,"column":null}},"10":{"start":{"line":22,"column":21},"end":{"line":22,"column":31}},"11":{"start":{"line":22,"column":43},"end":{"line":22,"column":55}},"12":{"start":{"line":5,"column":13},"end":{"line":24,"column":null}}},"fnMap":{"0":{"name":"(anonymous_2)","decl":{"start":{"line":22,"column":15},"end":{"line":22,"column":18}},"loc":{"start":{"line":22,"column":21},"end":{"line":22,"column":31}}},"1":{"name":"(anonymous_3)","decl":{"start":{"line":22,"column":33},"end":{"line":22,"column":34}},"loc":{"start":{"line":22,"column":43},"end":{"line":22,"column":55}}}},"branchMap":{},"s":{"0":3,"1":3,"2":3,"3":3,"4":3,"5":3,"6":3,"7":3,"8":3,"9":3,"10":37,"11":37,"12":3},"f":{"0":37,"1":37},"b":{}}
,"/home/jquintero/Escritorio/Ilse/APIs/Parcial-APIs/src/market/market.module.ts": {"path":"/home/jquintero/Escritorio/Ilse/APIs/Parcial-APIs/src/market/market.module.ts","statementMap":{"0":{"start":{"line":1,"column":0},"end":{"line":1,"column":40}},"1":{"start":{"line":2,"column":0},"end":{"line":2,"column":49}},"2":{"start":{"line":3,"column":0},"end":{"line":3,"column":47}},"3":{"start":{"line":4,"column":0},"end":{"line":4,"column":48}},"4":{"start":{"line":5,"column":0},"end":{"line":5,"column":55}},"5":{"start":{"line":12,"column":7},"end":{"line":12,"column":null}},"6":{"start":{"line":12,"column":13},"end":{"line":12,"column":25}},"7":{"start":{"line":12,"column":13},"end":{"line":12,"column":null}}},"fnMap":{},"branchMap":{},"s":{"0":0,"1":0,"2":0,"3":0,"4":0,"5":0,"6":0,"7":0},"f":{},"b":{}}
,"/home/jquintero/Escritorio/Ilse/APIs/Parcial-APIs/src/market/market.service.ts": {"path":"/home/jquintero/Escritorio/Ilse/APIs/Parcial-APIs/src/market/market.service.ts","statementMap":{"0":{"start":{"line":1,"column":0},"end":{"line":1,"column":44}},"1":{"start":{"line":2,"column":0},"end":{"line":2,"column":51}},"2":{"start":{"line":3,"column":0},"end":{"line":3,"column":47}},"3":{"start":{"line":4,"column":0},"end":{"line":4,"column":37}},"4":{"start":{"line":5,"column":0},"end":{"line":5,"column":89}},"5":{"start":{"line":8,"column":7},"end":{"line":54,"column":null}},"6":{"start":{"line":11,"column":57},"end":{"line":11,"column":75}},"7":{"start":{"line":26,"column":4},"end":{"line":30,"column":null}},"8":{"start":{"line":27,"column":8},"end":{"line":29,"column":null}},"9":{"start":{"line":28,"column":12},"end":{"line":28,"column":142}},"10":{"start":{"line":15,"column":8},"end":{"line":15,"column":65}},"11":{"start":{"line":19,"column":23},"end":{"line":19,"column":94}},"12":{"start":{"line":20,"column":8},"end":{"line":22,"column":null}},"13":{"start":{"line":21,"column":12},"end":{"line":21,"column":107}},"14":{"start":{"line":23,"column":8},"end":{"line":23,"column":22}},"15":{"start":{"line":33,"column":8},"end":{"line":33,"column":45}},"16":{"start":{"line":34,"column":8},"end":{"line":34,"column":56}},"17":{"start":{"line":38,"column":8},"end":{"line":38,"column":45}},"18":{"start":{"line":39,"column":28},"end":{"line":39,"column":89}},"19":{"start":{"line":40,"column":8},"end":{"line":42,"column":null}},"20":{"start":{"line":41,"column":12},"end":{"line":41,"column":107}},"21":{"start":{"line":44,"column":8},"end":{"line":44,"column":56}},"22":{"start":{"line":48,"column":28},"end":{"line":48,"column":78}},"23":{"start":{"line":49,"column":8},"end":{"line":51,"column":null}},"24":{"start":{"line":50,"column":12},"end":{"line":50,"column":107}},"25":{"start":{"line":52,"column":8},"end":{"line":52,"column":63}},"26":{"start":{"line":8,"column":13},"end":{"line":8,"column":26}},"27":{"start":{"line":8,"column":13},"end":{"line":54,"column":null}}},"fnMap":{"0":{"name":"(anonymous_4)","decl":{"start":{"line":10,"column":4},"end":{"line":10,"column":null}},"loc":{"start":{"line":11,"column":99},"end":{"line":12,"column":8}}},"1":{"name":"(anonymous_5)","decl":{"start":{"line":26,"column":25},"end":{"line":26,"column":26}},"loc":{"start":{"line":26,"column":42},"end":{"line":30,"column":5}}},"2":{"name":"(anonymous_6)","decl":{"start":{"line":14,"column":4},"end":{"line":14,"column":11}},"loc":{"start":{"line":14,"column":11},"end":{"line":16,"column":5}}},"3":{"name":"(anonymous_7)","decl":{"start":{"line":18,"column":4},"end":{"line":18,"column":9}},"loc":{"start":{"line":18,"column":28},"end":{"line":24,"column":5}}},"4":{"name":"(anonymous_8)","decl":{"start":{"line":32,"column":4},"end":{"line":32,"column":9}},"loc":{"start":{"line":32,"column":37},"end":{"line":35,"column":5}}},"5":{"name":"(anonymous_9)","decl":{"start":{"line":37,"column":4},"end":{"line":37,"column":9}},"loc":{"start":{"line":37,"column":37},"end":{"line":45,"column":5}}},"6":{"name":"(anonymous_10)","decl":{"start":{"line":47,"column":4},"end":{"line":47,"column":9}},"loc":{"start":{"line":47,"column":27},"end":{"line":53,"column":5}}}},"branchMap":{"0":{"loc":{"start":{"line":27,"column":8},"end":{"line":29,"column":null}},"type":"if","locations":[{"start":{"line":27,"column":8},"end":{"line":29,"column":null}}]},"1":{"loc":{"start":{"line":20,"column":8},"end":{"line":22,"column":null}},"type":"if","locations":[{"start":{"line":20,"column":8},"end":{"line":22,"column":null}}]},"2":{"loc":{"start":{"line":40,"column":8},"end":{"line":42,"column":null}},"type":"if","locations":[{"start":{"line":40,"column":8},"end":{"line":42,"column":null}}]},"3":{"loc":{"start":{"line":49,"column":8},"end":{"line":51,"column":null}},"type":"if","locations":[{"start":{"line":49,"column":8},"end":{"line":51,"column":null}}]}},"s":{"0":1,"1":1,"2":1,"3":1,"4":1,"5":1,"6":11,"7":11,"8":5,"9":2,"10":1,"11":2,"12":2,"13":1,"14":1,"15":2,"16":1,"17":3,"18":2,"19":2,"20":1,"21":1,"22":2,"23":2,"24":1,"25":1,"26":1,"27":1},"f":{"0":11,"1":5,"2":1,"3":2,"4":2,"5":3,"6":2},"b":{"0":[2],"1":[1],"2":[1],"3":[1]}}
,"/home/jquintero/Escritorio/Ilse/APIs/Parcial-APIs/src/shared/errors/business-errors.ts": {"path":"/home/jquintero/Escritorio/Ilse/APIs/Parcial-APIs/src/shared/errors/business-errors.ts","statementMap":{"0":{"start":{"line":2,"column":4},"end":{"line":2,"column":27}},"1":{"start":{"line":3,"column":4},"end":{"line":3,"column":21}},"2":{"start":{"line":1,"column":0},"end":{"line":1,"column":16}},"3":{"start":{"line":6,"column":0},"end":{"line":6,"column":null}},"4":{"start":{"line":7,"column":4},"end":{"line":7,"column":null}},"5":{"start":{"line":8,"column":4},"end":{"line":8,"column":null}},"6":{"start":{"line":9,"column":4},"end":{"line":9,"column":null}}},"fnMap":{"0":{"name":"BusinessLogicException","decl":{"start":{"line":1,"column":16},"end":{"line":1,"column":38}},"loc":{"start":{"line":1,"column":68},"end":{"line":4,"column":1}}},"1":{"name":"(anonymous_1)","decl":{"start":{"line":6,"column":0},"end":{"line":6,"column":12}},"loc":{"start":{"line":6,"column":25},"end":{"line":10,"column":1}}}},"branchMap":{"0":{"loc":{"start":{"line":6,"column":12},"end":{"line":6,"column":null}},"type":"binary-expr","locations":[{"start":{"line":6,"column":12},"end":{"line":6,"column":25}},{"start":{"line":6,"column":25},"end":{"line":6,"column":null}}]}},"s":{"0":19,"1":19,"2":3,"3":3,"4":3,"5":3,"6":3},"f":{"0":19,"1":3},"b":{"0":[3,3]}}
,"/home/jquintero/Escritorio/Ilse/APIs/Parcial-APIs/src/shared/interceptors/business-errors/business-errors.interceptor.ts": {"path":"/home/jquintero/Escritorio/Ilse/APIs/Parcial-APIs/src/shared/interceptors/business-errors/business-errors.interceptor.ts","statementMap":{"0":{"start":{"line":1,"column":0},"end":{"line":1,"column":119}},"1":{"start":{"line":2,"column":0},"end":{"line":2,"column":46}},"2":{"start":{"line":3,"column":0},"end":{"line":3,"column":61}},"3":{"start":{"line":6,"column":7},"end":{"line":20,"column":null}},"4":{"start":{"line":8,"column":5},"end":{"line":18,"column":11}},"5":{"start":{"line":10,"column":9},"end":{"line":17,"column":25}},"6":{"start":{"line":11,"column":13},"end":{"line":11,"column":74}},"7":{"start":{"line":12,"column":14},"end":{"line":17,"column":25}},"8":{"start":{"line":13,"column":13},"end":{"line":13,"column":84}},"9":{"start":{"line":14,"column":14},"end":{"line":17,"column":25}},"10":{"start":{"line":15,"column":13},"end":{"line":15,"column":76}},"11":{"start":{"line":17,"column":13},"end":{"line":17,"column":25}},"12":{"start":{"line":6,"column":13},"end":{"line":6,"column":38}},"13":{"start":{"line":6,"column":13},"end":{"line":20,"column":null}}},"fnMap":{"0":{"name":"(anonymous_1)","decl":{"start":{"line":7,"column":3},"end":{"line":7,"column":12}},"loc":{"start":{"line":7,"column":57},"end":{"line":19,"column":4}}},"1":{"name":"(anonymous_2)","decl":{"start":{"line":9,"column":24},"end":{"line":9,"column":29}},"loc":{"start":{"line":9,"column":32},"end":{"line":18,"column":8}}}},"branchMap":{"0":{"loc":{"start":{"line":10,"column":9},"end":{"line":17,"column":25}},"type":"if","locations":[{"start":{"line":10,"column":9},"end":{"line":17,"column":25}},{"start":{"line":12,"column":14},"end":{"line":17,"column":25}}]},"1":{"loc":{"start":{"line":12,"column":14},"end":{"line":17,"column":25}},"type":"if","locations":[{"start":{"line":12,"column":14},"end":{"line":17,"column":25}},{"start":{"line":14,"column":14},"end":{"line":17,"column":25}}]},"2":{"loc":{"start":{"line":14,"column":14},"end":{"line":17,"column":25}},"type":"if","locations":[{"start":{"line":14,"column":14},"end":{"line":17,"column":25}},{"start":{"line":17,"column":13},"end":{"line":17,"column":25}}]}},"s":{"0":0,"1":0,"2":0,"3":0,"4":0,"5":0,"6":0,"7":0,"8":0,"9":0,"10":0,"11":0,"12":0,"13":0},"f":{"0":0,"1":0},"b":{"0":[0,0],"1":[0,0],"2":[0,0]}}
,"/home/jquintero/Escritorio/Ilse/APIs/Parcial-APIs/src/shared/testing-utils/typeorm-testing-config.ts": {"path":"/home/jquintero/Escritorio/Ilse/APIs/Parcial-APIs/src/shared/testing-utils/typeorm-testing-config.ts","statementMap":{"0":{"start":{"line":1,"column":0},"end":{"line":1,"column":48}},"1":{"start":{"line":2,"column":0},"end":{"line":2,"column":52}},"2":{"start":{"line":3,"column":0},"end":{"line":3,"column":58}},"3":{"start":{"line":5,"column":36},"end":{"line":21,"column":2}},"4":{"start":{"line":5,"column":42},"end":{"line":21,"column":2}},"5":{"start":{"line":5,"column":13},"end":{"line":5,"column":36}}},"fnMap":{"0":{"name":"(anonymous_0)","decl":{"start":{"line":5,"column":36},"end":{"line":5,"column":39}},"loc":{"start":{"line":5,"column":42},"end":{"line":21,"column":2}}}},"branchMap":{},"s":{"0":3,"1":3,"2":3,"3":3,"4":37,"5":3},"f":{"0":37},"b":{}}
}
